\BOOKMARK [1][-]{section.1}{The Data-Generating Process \(DGP\)}{}% 1
\BOOKMARK [2][-]{subsection.1.1}{What it is}{section.1}% 2
\BOOKMARK [2][-]{subsection.1.2}{Why simulate?}{section.1}% 3
\BOOKMARK [2][-]{subsection.1.3}{The structural break \(Lucas shift\)}{section.1}% 4
\BOOKMARK [1][-]{section.2}{Evaluation Framework}{}% 5
\BOOKMARK [2][-]{subsection.2.1}{The Lucas Sensitivity Ratio \(LSR\)}{section.2}% 6
\BOOKMARK [2][-]{subsection.2.2}{Structural break tests}{section.2}% 7
\BOOKMARK [1][-]{section.3}{Model 1: AR\(2\) and ARMA\(2,1\) Baselines}{}% 8
\BOOKMARK [2][-]{subsection.3.1}{What they are}{section.3}% 9
\BOOKMARK [2][-]{subsection.3.2}{How they are estimated}{section.3}% 10
\BOOKMARK [2][-]{subsection.3.3}{Why include them?}{section.3}% 11
\BOOKMARK [1][-]{section.4}{Model 2: Markov Switching Regression \(MSM\)}{}% 12
\BOOKMARK [2][-]{subsection.4.1}{What it is}{section.4}% 13
\BOOKMARK [2][-]{subsection.4.2}{How it is estimated: the Hamilton EM algorithm}{section.4}% 14
\BOOKMARK [2][-]{subsection.4.3}{Why MSM has the worst Lucas performance despite correct specification}{section.4}% 15
\BOOKMARK [1][-]{section.5}{Model 3: Threshold Autoregression \(TAR\)}{}% 16
\BOOKMARK [2][-]{subsection.5.1}{What it is}{section.5}% 17
\BOOKMARK [2][-]{subsection.5.2}{How it is estimated}{section.5}% 18
\BOOKMARK [2][-]{subsection.5.3}{Why TAR is relatively Lucas-stable}{section.5}% 19
\BOOKMARK [1][-]{section.6}{Model 4: Hidden Markov Model + Ridge \(HMM\)}{}% 20
\BOOKMARK [2][-]{subsection.6.1}{What it is}{section.6}% 21
\BOOKMARK [2][-]{subsection.6.2}{How it is estimated: Baum-Welch EM}{section.6}% 22
\BOOKMARK [2][-]{subsection.6.3}{The Viterbi algorithm}{section.6}% 23
\BOOKMARK [2][-]{subsection.6.4}{Why HMM is the most Lucas-stable model}{section.6}% 24
\BOOKMARK [1][-]{section.7}{Model 5: Mixture of Experts \(MoE\)}{}% 25
\BOOKMARK [2][-]{subsection.7.1}{What it is}{section.7}% 26
\BOOKMARK [2][-]{subsection.7.2}{How it is estimated: EM with soft responsibilities}{section.7}% 27
\BOOKMARK [2][-]{subsection.7.3}{Difference from HMM}{section.7}% 28
\BOOKMARK [1][-]{section.8}{Model 6: ML Regime \(XGB\)}{}% 29
\BOOKMARK [2][-]{subsection.8.1}{What it is}{section.8}% 30
\BOOKMARK [2][-]{subsection.8.2}{How XGBoost works}{section.8}% 31
\BOOKMARK [2][-]{subsection.8.3}{Why XGB is the most Lucas-vulnerable model}{section.8}% 32
\BOOKMARK [1][-]{section.9}{Model 7: Markov Switching Neural Network \(MSNN\)}{}% 33
\BOOKMARK [2][-]{subsection.9.1}{What it is}{section.9}% 34
\BOOKMARK [2][-]{subsection.9.2}{The MLP \(Multi-Layer Perceptron\)}{section.9}% 35
\BOOKMARK [2][-]{subsection.9.3}{How it is estimated: EM with Adam}{section.9}% 36
\BOOKMARK [2][-]{subsection.9.4}{The MSNN's paradox}{section.9}% 37
\BOOKMARK [1][-]{section.10}{Model 8: Model Average \(Ensemble\)}{}% 38
\BOOKMARK [2][-]{subsection.10.1}{What it is}{section.10}% 39
\BOOKMARK [2][-]{subsection.10.2}{Why it works}{section.10}% 40
\BOOKMARK [1][-]{section.11}{Feature Engineering}{}% 41
\BOOKMARK [1][-]{section.12}{Summary: How Each Model Answers the Fundamental Question}{}% 42
